Log file opened on Fri Aug 30 16:15:04 2013
Host: envy  pid: 5548  nodeid: 0  nnodes:  1
Gromacs version:    VERSION 4.6
Precision:          single
Memory model:       64 bit
MPI library:        thread_mpi
OpenMP support:     enabled
GPU support:        disabled
invsqrt routine:    gmx_software_invsqrt(x)
CPU acceleration:   SSE4.1
FFT library:        fftw-3.3.3-sse2
Large file support: enabled
RDTSCP usage:       disabled
Built on:           Sun Feb 10 19:59:00 PST 2013
Built by:           jhaberstroh@envy [CMAKE]
Build OS/arch:      Linux 3.5.0-17-generic x86_64
Build CPU vendor:   GenuineIntel
Build CPU brand:    Intel(R) Core(TM)2 Quad CPU    Q9550  @ 2.83GHz
Build CPU family:   6   Model: 23   Stepping: 10
Build CPU features: apic clfsh cmov cx8 cx16 lahf_lm mmx msr pdcm pse sse2 sse3 sse4.1 ssse3
C compiler:         /usr/bin/gcc GNU gcc (Ubuntu/Linaro 4.7.2-2ubuntu1) 4.7.2
C compiler flags:   -msse4.1   -Wextra -Wno-missing-field-initializers -Wno-sign-compare -Wall -Wno-unused -Wunused-value   -fomit-frame-pointer -funroll-all-loops -fexcess-precision=fast  -O3 -DNDEBUG


                         :-)  G  R  O  M  A  C  S  (-:

               Giant Rising Ordinary Mutants for A Clerical Setup

                             :-)  VERSION 4.6  (-:

        Contributions from Mark Abraham, Emile Apol, Rossen Apostolov, 
           Herman J.C. Berendsen, Aldert van Buuren, Pär Bjelkmar,  
     Rudi van Drunen, Anton Feenstra, Gerrit Groenhof, Christoph Junghans, 
        Peter Kasson, Carsten Kutzner, Per Larsson, Pieter Meulenhoff, 
           Teemu Murtola, Szilard Pall, Sander Pronk, Roland Schulz, 
                Michael Shirts, Alfons Sijbers, Peter Tieleman,

               Berk Hess, David van der Spoel, and Erik Lindahl.

       Copyright (c) 1991-2000, University of Groningen, The Netherlands.
         Copyright (c) 2001-2012,2013, The GROMACS development team at
        Uppsala University & The Royal Institute of Technology, Sweden.
            check out http://www.gromacs.org for more information.

         This program is free software; you can redistribute it and/or
       modify it under the terms of the GNU Lesser General Public License
        as published by the Free Software Foundation; either version 2.1
             of the License, or (at your option) any later version.

                                :-)  mdrun  (-:


++++ PLEASE READ AND CITE THE FOLLOWING REFERENCE ++++
B. Hess and C. Kutzner and D. van der Spoel and E. Lindahl
GROMACS 4: Algorithms for highly efficient, load-balanced, and scalable
molecular simulation
J. Chem. Theory Comput. 4 (2008) pp. 435-447
-------- -------- --- Thank You --- -------- --------


++++ PLEASE READ AND CITE THE FOLLOWING REFERENCE ++++
D. van der Spoel, E. Lindahl, B. Hess, G. Groenhof, A. E. Mark and H. J. C.
Berendsen
GROMACS: Fast, Flexible and Free
J. Comp. Chem. 26 (2005) pp. 1701-1719
-------- -------- --- Thank You --- -------- --------


++++ PLEASE READ AND CITE THE FOLLOWING REFERENCE ++++
E. Lindahl and B. Hess and D. van der Spoel
GROMACS 3.0: A package for molecular simulation and trajectory analysis
J. Mol. Mod. 7 (2001) pp. 306-317
-------- -------- --- Thank You --- -------- --------


++++ PLEASE READ AND CITE THE FOLLOWING REFERENCE ++++
H. J. C. Berendsen, D. van der Spoel and R. van Drunen
GROMACS: A message-passing parallel molecular dynamics implementation
Comp. Phys. Comm. 91 (1995) pp. 43-56
-------- -------- --- Thank You --- -------- --------

Input Parameters:
   integrator           = steep
   nsteps               = 50000
   init-step            = 0
   cutoff-scheme        = Group
   ns_type              = Grid
   nstlist              = 4
   ndelta               = 2
   nstcomm              = 100
   comm-mode            = Linear
   nstlog               = 1000
   nstxout              = 0
   nstvout              = 0
   nstfout              = 0
   nstcalcenergy        = 100
   nstenergy            = 1000
   nstxtcout            = 0
   init-t               = 0
   delta-t              = 0.001
   xtcprec              = 1000
   fourierspacing       = 0.12
   nkx                  = 32
   nky                  = 32
   nkz                  = 32
   pme-order            = 4
   ewald-rtol           = 1e-05
   ewald-geometry       = 0
   epsilon-surface      = 0
   optimize-fft         = FALSE
   ePBC                 = xyz
   bPeriodicMols        = FALSE
   bContinuation        = FALSE
   bShakeSOR            = FALSE
   etc                  = No
   bPrintNHChains       = FALSE
   nsttcouple           = -1
   epc                  = No
   epctype              = Isotropic
   nstpcouple           = -1
   tau-p                = 1
   ref-p (3x3):
      ref-p[    0]={ 0.00000e+00,  0.00000e+00,  0.00000e+00}
      ref-p[    1]={ 0.00000e+00,  0.00000e+00,  0.00000e+00}
      ref-p[    2]={ 0.00000e+00,  0.00000e+00,  0.00000e+00}
   compress (3x3):
      compress[    0]={ 0.00000e+00,  0.00000e+00,  0.00000e+00}
      compress[    1]={ 0.00000e+00,  0.00000e+00,  0.00000e+00}
      compress[    2]={ 0.00000e+00,  0.00000e+00,  0.00000e+00}
   refcoord-scaling     = No
   posres-com (3):
      posres-com[0]= 0.00000e+00
      posres-com[1]= 0.00000e+00
      posres-com[2]= 0.00000e+00
   posres-comB (3):
      posres-comB[0]= 0.00000e+00
      posres-comB[1]= 0.00000e+00
      posres-comB[2]= 0.00000e+00
   verlet-buffer-drift  = 0.005
   rlist                = 1
   rlistlong            = 1
   nstcalclr            = 0
   rtpi                 = 0.05
   coulombtype          = PME
   coulomb-modifier     = None
   rcoulomb-switch      = 0
   rcoulomb             = 1
   vdwtype              = Cut-off
   vdw-modifier         = None
   rvdw-switch          = 0
   rvdw                 = 1
   epsilon-r            = 1
   epsilon-rf           = inf
   tabext               = 1
   implicit-solvent     = No
   gb-algorithm         = Still
   gb-epsilon-solvent   = 80
   nstgbradii           = 1
   rgbradii             = 1
   gb-saltconc          = 0
   gb-obc-alpha         = 1
   gb-obc-beta          = 0.8
   gb-obc-gamma         = 4.85
   gb-dielectric-offset = 0.009
   sa-algorithm         = Ace-approximation
   sa-surface-tension   = 2.05016
   DispCorr             = No
   bSimTemp             = FALSE
   free-energy          = no
   nwall                = 0
   wall-type            = 9-3
   wall-atomtype[0]     = -1
   wall-atomtype[1]     = -1
   wall-density[0]      = 0
   wall-density[1]      = 0
   wall-ewald-zfac      = 3
   pull                 = no
   rotation             = FALSE
   disre                = No
   disre-weighting      = Conservative
   disre-mixed          = FALSE
   dr-fc                = 1000
   dr-tau               = 0
   nstdisreout          = 100
   orires-fc            = 0
   orires-tau           = 0
   nstorireout          = 100
   dihre-fc             = 0
   em-stepsize          = 0.01
   em-tol               = 10
   niter                = 20
   fc-stepsize          = 0
   nstcgsteep           = 1000
   nbfgscorr            = 10
   ConstAlg             = Lincs
   shake-tol            = 0.0001
   lincs-order          = 4
   lincs-warnangle      = 30
   lincs-iter           = 1
   bd-fric              = 0
   ld-seed              = 1993
   cos-accel            = 0
   deform (3x3):
      deform[    0]={ 0.00000e+00,  0.00000e+00,  0.00000e+00}
      deform[    1]={ 0.00000e+00,  0.00000e+00,  0.00000e+00}
      deform[    2]={ 0.00000e+00,  0.00000e+00,  0.00000e+00}
   adress               = FALSE
   userint1             = 0
   userint2             = 0
   userint3             = 0
   userint4             = 0
   userreal1            = 0
   userreal2            = 0
   userreal3            = 0
   userreal4            = 0
grpopts:
   nrdf:        8457
   ref-t:           0
   tau-t:           0
anneal:          No
ann-npoints:           0
   acc:	           0           0           0
   nfreeze:           N           N           N
   energygrp-flags[  0]: 0
   efield-x:
      n = 0
   efield-xt:
      n = 0
   efield-y:
      n = 0
   efield-yt:
      n = 0
   efield-z:
      n = 0
   efield-zt:
      n = 0
   bQMMM                = FALSE
   QMconstraints        = 0
   QMMMscheme           = 0
   scalefactor          = 1
qm-opts:
   ngQM                 = 0

Initializing Domain Decomposition on 4 nodes
Dynamic load balancing: no
Will sort the charge groups at every domain (re)decomposition
Using 0 separate PME nodes, as there are too few total
 nodes for efficient splitting
Optimizing the DD grid for 4 cells with a minimum initial size of 0.000 nm
Domain decomposition grid 4 x 1 x 1, separate PME nodes 0
PME domain decomposition: 4 x 1 x 1
Domain decomposition nodeid 0, coordinates 0 0 0

Using 4 MPI threads

Detecting CPU-specific acceleration.
Present hardware specification:
Vendor: GenuineIntel
Brand:  Intel(R) Core(TM)2 Quad CPU    Q9550  @ 2.83GHz
Family:  6  Model: 23  Stepping: 10
Features: apic clfsh cmov cx8 cx16 lahf_lm mmx msr pdcm pse sse2 sse3 sse4.1 ssse3
Acceleration most likely to fit this hardware: SSE4.1
Acceleration selected at GROMACS compile time: SSE4.1

Table routines are used for coulomb: FALSE
Table routines are used for vdw:     FALSE
Will do PME sum in reciprocal space.

++++ PLEASE READ AND CITE THE FOLLOWING REFERENCE ++++
U. Essmann, L. Perera, M. L. Berkowitz, T. Darden, H. Lee and L. G. Pedersen 
A smooth particle mesh Ewald method
J. Chem. Phys. 103 (1995) pp. 8577-8592
-------- -------- --- Thank You --- -------- --------

Will do ordinary reciprocal space Ewald sum.
Using a Gaussian width (1/beta) of 0.320163 nm for Ewald
Cut-off's:   NS: 1   Coulomb: 1   LJ: 1
System total charge: 0.000
Generated table with 1000 data points for Ewald.
Tabscale = 500 points/nm
Generated table with 1000 data points for LJ6.
Tabscale = 500 points/nm
Generated table with 1000 data points for LJ12.
Tabscale = 500 points/nm

Enabling SPC-like water optimization for 1410 molecules.

Potential shift: LJ r^-12: 0.000 r^-6 0.000, Ewald 0.000e+00
Initialized non-bonded Ewald correction tables, spacing: 6.60e-04 size: 3033

Removing pbc first time
Pinning threads with a logical core stride of 1

++++ PLEASE READ AND CITE THE FOLLOWING REFERENCE ++++
S. Miyamoto and P. A. Kollman
SETTLE: An Analytical Version of the SHAKE and RATTLE Algorithms for Rigid
Water Models
J. Comp. Chem. 13 (1992) pp. 952-962
-------- -------- --- Thank You --- -------- --------


Linking all bonded interactions to atoms

The initial number of communication pulses is: X 2
The initial domain decomposition cell size is: X 0.88 nm


Making 1D domain decomposition grid 4 x 1 x 1, home cell index 0 0 0

Initiating Steepest Descents
Charge group distribution at step 0: 349 365 348 348
Grid: 5 x 5 x 5 cells
Started Steepest Descents on node 0 Fri Aug 30 16:15:04 2013

Steepest Descents:
   Tolerance (Fmax)   =  1.00000e+01
   Number of steps    =        50000

           Step           Time         Lambda
              0        0.00000        0.00000

   Energies (kJ/mol)
        LJ (SR)   Coulomb (SR)   Coul. recip.      Potential Pressure (bar)
    2.62588e+04   -6.43056e+04   -4.75240e+03   -4.27992e+04   -4.95141e+03

DD  step 0 load imb.: force 16.7%

           Step           Time         Lambda
              1        1.00000        0.00000

   Energies (kJ/mol)
        LJ (SR)   Coulomb (SR)   Coul. recip.      Potential Pressure (bar)
    2.17432e+04   -6.46052e+04   -4.77632e+03   -4.76383e+04   -5.23826e+03

           Step           Time         Lambda
              2        2.00000        0.00000

   Energies (kJ/mol)
        LJ (SR)   Coulomb (SR)   Coul. recip.      Potential Pressure (bar)
    1.75727e+04   -6.51820e+04   -4.83579e+03   -5.24451e+04   -5.48763e+03

           Step           Time         Lambda
              3        3.00000        0.00000

   Energies (kJ/mol)
        LJ (SR)   Coulomb (SR)   Coul. recip.      Potential Pressure (bar)
    1.49374e+04   -6.60247e+04   -4.93262e+03   -5.60198e+04   -5.64442e+03

           Step           Time         Lambda
              4        4.00000        0.00000

   Energies (kJ/mol)
        LJ (SR)   Coulomb (SR)   Coul. recip.      Potential Pressure (bar)
    1.32680e+04   -6.72762e+04   -5.06434e+03   -5.90725e+04   -5.79743e+03

           Step           Time         Lambda
              5        5.00000        0.00000

   Energies (kJ/mol)
        LJ (SR)   Coulomb (SR)   Coul. recip.      Potential Pressure (bar)
    1.19597e+04   -6.93572e+04   -5.22595e+03   -6.26235e+04   -6.03305e+03

           Step           Time         Lambda
              6        6.00000        0.00000

   Energies (kJ/mol)
        LJ (SR)   Coulomb (SR)   Coul. recip.      Potential Pressure (bar)
    1.12217e+04   -7.17680e+04   -5.31151e+03   -6.58578e+04   -6.26097e+03

           Step           Time         Lambda
              7        7.00000        0.00000

   Energies (kJ/mol)
        LJ (SR)   Coulomb (SR)   Coul. recip.      Potential Pressure (bar)
    1.10123e+04   -7.24731e+04   -5.34506e+03   -6.68059e+04   -6.34268e+03

           Step           Time         Lambda
              8        8.00000        0.00000

   Energies (kJ/mol)
        LJ (SR)   Coulomb (SR)   Coul. recip.      Potential Pressure (bar)
    1.09476e+04   -7.29434e+04   -5.35025e+03   -6.73461e+04   -6.40195e+03

           Step           Time         Lambda
              9        9.00000        0.00000

   Energies (kJ/mol)
        LJ (SR)   Coulomb (SR)   Coul. recip.      Potential Pressure (bar)
    1.09673e+04   -7.35086e+04   -5.37150e+03   -6.79128e+04   -6.41381e+03

           Step           Time         Lambda
             10       10.00000        0.00000

   Energies (kJ/mol)
        LJ (SR)   Coulomb (SR)   Coul. recip.      Potential Pressure (bar)
    1.08845e+04   -7.38124e+04   -5.37315e+03   -6.83011e+04   -6.45448e+03

           Step           Time         Lambda
             11       11.00000        0.00000

   Energies (kJ/mol)
        LJ (SR)   Coulomb (SR)   Coul. recip.      Potential Pressure (bar)
    1.09466e+04   -7.45333e+04   -5.38999e+03   -6.89767e+04   -6.53879e+03

           Step           Time         Lambda
             12       12.00000        0.00000

   Energies (kJ/mol)
        LJ (SR)   Coulomb (SR)   Coul. recip.      Potential Pressure (bar)
    1.10889e+04   -7.48961e+04   -5.38866e+03   -6.91959e+04   -6.52107e+03

           Step           Time         Lambda
             13       13.00000        0.00000

   Energies (kJ/mol)
        LJ (SR)   Coulomb (SR)   Coul. recip.      Potential Pressure (bar)
    1.09843e+04   -7.53075e+04   -5.40916e+03   -6.97324e+04   -7.28235e+03

           Step           Time         Lambda
             14       14.00000        0.00000

           Step           Time         Lambda
             15       15.00000        0.00000

           Step           Time         Lambda
             16       16.00000        0.00000

           Step           Time         Lambda
             17       17.00000        0.00000

           Step           Time         Lambda
             18       18.00000        0.00000

           Step           Time         Lambda
             19       19.00000        0.00000

           Step           Time         Lambda
             20       20.00000        0.00000

           Step           Time         Lambda
             21       21.00000        0.00000

           Step           Time         Lambda
             22       22.00000        0.00000

           Step           Time         Lambda
             23       23.00000        0.00000

           Step           Time         Lambda
             24       24.00000        0.00000

           Step           Time         Lambda
             25       25.00000        0.00000

           Step           Time         Lambda
             26       26.00000        0.00000

           Step           Time         Lambda
             27       27.00000        0.00000

           Step           Time         Lambda
             28       28.00000        0.00000

           Step           Time         Lambda
             29       29.00000        0.00000

           Step           Time         Lambda
             30       30.00000        0.00000


Energy minimization has stopped, but the forces havenot converged to the
requested precision Fmax < 10 (whichmay not be possible for your system). It
stoppedbecause the algorithm tried to make a new step whose sizewas too
small, or there was no change in the energy sincelast step. Either way, we
regard the minimization asconverged to within the available machine
precision,given your starting configuration and EM parameters.

Double precision normally gives you higher accuracy, butthis is often not
needed for preparing to run moleculardynamics.
You might need to increase your constraint accuracy, or turn
off constraints altogether (set constraints = none in mdp file)

Steepest Descents converged to machine precision in 31 steps,
but did not reach the requested Fmax < 10.
Potential Energy  = -6.9732352e+04
Maximum force     =  1.9984930e+04 on atom 607
Norm of force     =  3.7823154e+02

	M E G A - F L O P S   A C C O U N T I N G

 NB=Group-cutoff nonbonded kernels    NxN=N-by-N cluster Verlet kernels
 RF=Reaction-Field  VdW=Van der Waals  QSTab=quadratic-spline table
 W3=SPC/TIP3p  W4=TIP4p (single or pairs)
 V&F=Potential and force  V=Potential only  F=Force only

 Computing:                               M-Number         M-Flops  % Flops
-----------------------------------------------------------------------------
 NB VdW & Elec. [W3-W3,V&F]            1224.908660        1224.909    69.3
 Calc Weights                             0.393390          14.162     0.8
 Spread Q Bspline                         8.392320          16.785     0.9
 Gather F Bspline                         8.392320          50.354     2.8
 3D-FFT                                  30.474240         243.794    13.8
 Solve PME                                0.031744           2.032     0.1
 NS-Pairs                                 8.781038         184.402    10.4
 Reset In Box                             0.043710           0.131     0.0
 CG-CoM                                   0.207270           0.622     0.0
 Virial                                   0.136710           2.461     0.1
 Settle                                   0.087420          28.237     1.6
-----------------------------------------------------------------------------
 Total                                                    1767.887   100.0
-----------------------------------------------------------------------------


    D O M A I N   D E C O M P O S I T I O N   S T A T I S T I C S

 av. #atoms communicated per step for force:  2 x 4867.8


     R E A L   C Y C L E   A N D   T I M E   A C C O U N T I N G

 Computing:         Nodes   Th.     Count  Wall t (s)     G-Cycles       %
-----------------------------------------------------------------------------
 Domain decomp.         4    1         48       0.011        0.232     5.9
 DD comm. load          4    1          1       0.000        0.000     0.0
 Neighbor search        4    1         31       0.023        0.511    13.0
 Comm. coord.           4    1         31       0.000        0.008     0.2
 Force                  4    1         31       0.029        0.626    16.0
 Wait + Comm. F         4    1         31       0.000        0.008     0.2
 PME mesh               4    1         31       0.021        0.457    11.7
 Constraints            4    1         61       0.003        0.072     1.8
 Comm. energies         4    1         31       0.000        0.006     0.1
 Rest                   4                       0.091        1.998    51.0
-----------------------------------------------------------------------------
 Total                  4                       0.179        3.918   100.0
-----------------------------------------------------------------------------
-----------------------------------------------------------------------------
 PME redist. X/F        4    1         62       0.011        0.234     6.0
 PME spread/gather      4    1         62       0.005        0.115     2.9
 PME 3D-FFT             4    1         62       0.002        0.046     1.2
 PME 3D-FFT Comm.       4    1         62       0.001        0.014     0.3
 PME solve              4    1         31       0.002        0.048     1.2
-----------------------------------------------------------------------------

               Core t (s)   Wall t (s)        (%)
       Time:        0.680        0.179      379.8
               (steps/hour)
Performance:       623237.4
Finished mdrun on node 0 Fri Aug 30 16:15:04 2013
